
3월 10, 2021 01:48:09.135 NEW SESSION
3월 10, 2021 01:48:09.135 [6428:8360:0310/014809.131:ERROR:device_event_log_impl.cc(211)] [01:48:09.131] USB: usb_device_handle_win.cc:1049 Failed to read descriptor from node connection: 시스템에 부착된 장치가 작동하지 않습니다. (0x1F)

3월 13, 2021 24:00:55.458 NEW SESSION
3월 13, 2021 24:00:55.458 [3260:8908:0313/000055.423:ERROR:device_event_log_impl.cc(214)] [00:00:55.422] USB: usb_device_handle_win.cc:1056 Failed to read descriptor from node connection: 시스템에 부착된 장치가 작동하지 않습니다. (0x1F)
3월 13, 2021 02:29:17.599 [5264:9692:0313/022917.598:ERROR:device_event_log_impl.cc(214)] [02:29:17.598] USB: usb_device_handle_win.cc:1056 Failed to read descriptor from node connection: 시스템에 부착된 장치가 작동하지 않습니다. (0x1F)

3월 14, 2021 23:11:36.663 NEW SESSION
3월 14, 2021 23:11:36.663 [5872:10312:0314/231136.659:ERROR:device_event_log_impl.cc(214)] [23:11:36.660] USB: usb_device_handle_win.cc:1056 Failed to read descriptor from node connection: 시스템에 부착된 장치가 작동하지 않습니다. (0x1F)
3월 14, 2021 23:11:36.667 [5872:10312:0314/231136.666:ERROR:device_event_log_impl.cc(214)] [23:11:36.667] USB: usb_device_handle_win.cc:1056 Failed to read descriptor from node connection: 시스템에 부착된 장치가 작동하지 않습니다. (0x1F)

3월 17, 2021 02:29:42.713 NEW SESSION
3월 17, 2021 02:29:42.713 [7596:15068:0317/022942.706:ERROR:device_event_log_impl.cc(214)] [02:29:42.706] USB: usb_device_handle_win.cc:1056 Failed to read descriptor from node connection: 시스템에 부착된 장치가 작동하지 않습니다. (0x1F)
3월 17, 2021 02:54:41.617 [7596:15068:0317/025441.617:ERROR:CONSOLE(1660)] "Uncaught TypeError: Cannot read property 'restoreCallback' of null", source: chrome://new-tab-page/new_tab_page.js (1660)

3월 21, 2021 01:35:06.394 NEW SESSION
3월 21, 2021 01:35:06.394 [12964:16080:0321/013506.382:ERROR:device_event_log_impl.cc(214)] [01:35:06.382] USB: usb_device_handle_win.cc:1056 Failed to read descriptor from node connection: 시스템에 부착된 장치가 작동하지 않습니다. (0x1F)
3월 21, 2021 02:40:51.27 [11224:4504:0321/024051.026:ERROR:device_event_log_impl.cc(214)] [02:40:51.026] USB: usb_device_handle_win.cc:1056 Failed to read descriptor from node connection: 시스템에 부착된 장치가 작동하지 않습니다. (0x1F)
3월 21, 2021 02:42:18.275 [0321/024218.275:ERROR:filesystem_win.cc(129)] GetFileAttributes C:\Users\happy\AppData\Local\Google\Chrome\User Data\Crashpad\attachments\efe5fb13-e6c5-4fb5-a176-dbb43487abba: 지정된 경로를 찾을 수 없습니다. (0x3)

3월 22, 2021 02:05:59.116 NEW SESSION
3월 22, 2021 02:05:59.116 [16380:12152:0322/020559.087:ERROR:device_event_log_impl.cc(214)] [02:05:59.086] USB: usb_device_handle_win.cc:1056 Failed to read descriptor from node connection: 시스템에 부착된 장치가 작동하지 않습니다. (0x1F)
3월 22, 2021 02:05:59.116 [16380:12152:0322/020559.091:ERROR:device_event_log_impl.cc(214)] [02:05:59.090] USB: usb_device_handle_win.cc:1056 Failed to read descriptor from node connection: 시스템에 부착된 장치가 작동하지 않습니다. (0x1F)

3월 22, 2021 02:17:21.106 NEW SESSION
3월 22, 2021 02:17:21.107 [14996:14332:0322/021721.103:ERROR:device_event_log_impl.cc(214)] [02:17:21.104] USB: usb_device_handle_win.cc:1056 Failed to read descriptor from node connection: 시스템에 부착된 장치가 작동하지 않습니다. (0x1F)

6월 01, 2021 10:19:23.607 NEW SESSION
6월 01, 2021 10:19:23.607 [2360:11096:0601/101923.600:ERROR:device_event_log_impl.cc(214)] [10:19:23.600] USB: usb_device_handle_win.cc:1058 Failed to read descriptor from node connection: 시스템에 부착된 장치가 작동하지 않습니다. (0x1F)

6월 01, 2021 14:09:59.733 NEW SESSION
6월 01, 2021 14:09:59.733 [9396:264:0601/140959.726:ERROR:device_event_log_impl.cc(214)] [14:09:59.727] USB: usb_device_handle_win.cc:1058 Failed to read descriptor from node connection: 시스템에 부착된 장치가 작동하지 않습니다. (0x1F)
6월 01, 2021 14:28:42.879 [9212:8564:0601/142842.879:ERROR:device_event_log_impl.cc(214)] [14:28:42.879] USB: usb_device_handle_win.cc:1058 Failed to read descriptor from node connection: 시스템에 부착된 장치가 작동하지 않습니다. (0x1F)

6월 02, 2021 09:07:08.24 NEW SESSION
6월 02, 2021 09:07:08.24 [1920:1788:0602/090708.020:ERROR:device_event_log_impl.cc(214)] [09:07:08.021] USB: usb_device_handle_win.cc:1058 Failed to read descriptor from node connection: 시스템에 부착된 장치가 작동하지 않습니다. (0x1F)
6월 02, 2021 13:01:52.628 [1920:1788:0602/130152.627:ERROR:device_event_log_impl.cc(214)] [13:01:52.627] USB: usb_service_win.cc:258 Failed to get device driver name: 요소가 없습니다. (0x490)
6월 02, 2021 13:37:58.792 [1920:1788:0602/133758.791:ERROR:device_event_log_impl.cc(214)] [13:37:58.792] USB: usb_service_win.cc:258 Failed to get device driver name: 요소가 없습니다. (0x490)

6월 04, 2021 09:22:48.31 NEW SESSION
6월 04, 2021 09:22:48.31 [10532:4012:0604/092248.027:ERROR:device_event_log_impl.cc(214)] [09:22:48.026] USB: usb_device_handle_win.cc:1058 Failed to read descriptor from node connection: 시스템에 부착된 장치가 작동하지 않습니다. (0x1F)
6월 04, 2021 09:22:48.32 [10532:4012:0604/092248.028:ERROR:device_event_log_impl.cc(214)] [09:22:48.027] USB: usb_device_handle_win.cc:1058 Failed to read descriptor from node connection: 시스템에 부착된 장치가 작동하지 않습니다. (0x1F)
6월 04, 2021 12:53:02.488 [10532:8228:0604/125302.485:ERROR:connection_factory_impl.cc(429)] Failed to connect to MCS endpoint with error -7
6월 04, 2021 12:53:04.239 [10532:8228:0604/125304.238:ERROR:connection_factory_impl.cc(429)] Failed to connect to MCS endpoint with error -106
6월 04, 2021 13:08:22.335 [10532:8228:0604/130822.334:ERROR:connection_handler_impl.cc(476)] Timed out waiting for GCM Protocol buffer.

6월 07, 2021 10:09:55.200 NEW SESSION
6월 07, 2021 10:09:55.200 [7032:10340:0607/100955.196:ERROR:device_event_log_impl.cc(214)] [10:09:55.197] USB: usb_device_handle_win.cc:1058 Failed to read descriptor from node connection: 시스템에 부착된 장치가 작동하지 않습니다. (0x1F)
6월 07, 2021 13:05:22.214 [5448:11824:0607/130522.213:ERROR:device_event_log_impl.cc(214)] [13:05:22.213] USB: usb_device_handle_win.cc:1058 Failed to read descriptor from node connection: 시스템에 부착된 장치가 작동하지 않습니다. (0x1F)
6월 07, 2021 13:05:22.216 [5448:11824:0607/130522.213:ERROR:usb_descriptors.cc(140)] Failed to read length for configuration 1.
6월 07, 2021 13:05:22.217 [5448:11824:0607/130522.213:ERROR:usb_descriptors.cc(140)] Failed to read length for configuration 2.
6월 07, 2021 13:05:22.217 [5448:11824:0607/130522.214:ERROR:usb_descriptors.cc(140)] Failed to read length for configuration 3.
6월 07, 2021 13:05:22.218 [5448:11824:0607/130522.214:ERROR:usb_descriptors.cc(100)] Failed to read all configuration descriptors. Expected 4, got 1.
6월 07, 2021 13:05:22.219 [5448:11824:0607/130522.214:ERROR:device_event_log_impl.cc(214)] [13:05:22.214] USB: usb_device_win.cc:93 Failed to read descriptors from \\?\usb#vid_05ac&pid_12a8#2f6b8a7e039eb65224e16f50213f504385e1ecfd#{a5dcbf10-6530-11d2-901f-00c04fb951ed}.
6월 07, 2021 13:05:22.220 [5448:11824:0607/130522.214:ERROR:device_event_log_impl.cc(214)] [13:05:22.214] USB: usb_device_handle_win.cc:1058 Failed to read descriptor from node connection: 시스템에 부착된 장치가 작동하지 않습니다. (0x1F)
6월 07, 2021 14:06:25.434 [9804:4928:0607/140625.434:ERROR:device_event_log_impl.cc(214)] [14:06:25.433] USB: usb_device_handle_win.cc:1058 Failed to read descriptor from node connection: 시스템에 부착된 장치가 작동하지 않습니다. (0x1F)
6월 07, 2021 14:06:25.435 [9804:4928:0607/140625.434:ERROR:usb_descriptors.cc(140)] Failed to read length for configuration 1.
6월 07, 2021 14:06:25.436 [9804:4928:0607/140625.434:ERROR:usb_descriptors.cc(140)] Failed to read length for configuration 2.
6월 07, 2021 14:06:25.450 [9804:4928:0607/140625.435:ERROR:usb_descriptors.cc(140)] Failed to read length for configuration 3.
6월 07, 2021 14:06:25.451 [9804:4928:0607/140625.435:ERROR:usb_descriptors.cc(100)] Failed to read all configuration descriptors. Expected 4, got 1.
6월 07, 2021 14:06:25.452 [9804:4928:0607/140625.435:ERROR:device_event_log_impl.cc(214)] [14:06:25.434] USB: usb_device_win.cc:93 Failed to read descriptors from \\?\usb#vid_05ac&pid_12a8#2f6b8a7e039eb65224e16f50213f504385e1ecfd#{a5dcbf10-6530-11d2-901f-00c04fb951ed}.
6월 07, 2021 14:06:25.453 [9804:4928:0607/140625.435:ERROR:device_event_log_impl.cc(214)] [14:06:25.434] USB: usb_device_handle_win.cc:1058 Failed to read descriptor from node connection: 시스템에 부착된 장치가 작동하지 않습니다. (0x1F)
6월 07, 2021 14:38:33.51 [9804:10192:0607/143833.050:ERROR:connection_factory_impl.cc(429)] Failed to connect to MCS endpoint with error -105
6월 07, 2021 14:38:33.980 [9804:4928:0607/143833.980:ERROR:device_event_log_impl.cc(214)] [14:38:33.979] USB: usb_service_win.cc:258 Failed to get device driver name: 요소가 없습니다. (0x490)
6월 07, 2021 14:38:34.678 [9804:4928:0607/143834.678:ERROR:device_event_log_impl.cc(214)] [14:38:34.678] USB: usb_service_win.cc:258 Failed to get device driver name: 요소가 없습니다. (0x490)
6월 07, 2021 14:38:38.264 [9804:10192:0607/143838.263:ERROR:connection_factory_impl.cc(429)] Failed to connect to MCS endpoint with error -105
6월 07, 2021 14:43:19.719 [9804:10192:0607/144319.718:ERROR:connection_factory_impl.cc(429)] Failed to connect to MCS endpoint with error -106
6월 07, 2021 16:01:00.66 [9804:10192:0607/160100.065:ERROR:connection_factory_impl.cc(429)] Failed to connect to MCS endpoint with error -105
6월 07, 2021 16:04:41.285 [9804:4928:0607/160441.284:ERROR:device_event_log_impl.cc(214)] [16:04:41.276] USB: usb_service_win.cc:258 Failed to get device driver name: 요소가 없습니다. (0x490)
6월 07, 2021 16:41:53.118 [9804:10192:0607/164153.118:ERROR:connection_factory_impl.cc(429)] Failed to connect to MCS endpoint with error -105
